12345678901234567890123456*65432109876543210987654321
A                         *                         A
BB                        *                        BB
CCC                       *                       CCC
DDDD                      *                      DDDD
EEEEE                     *                     EEEEE
FFFFFF                    *                    FFFFFF
GGGGGGG                   *                   GGGGGGG
HHHHHHHH                  *                  HHHHHHHH
IIIIIIIII                 *                 IIIIIIIII
JJJJJJJJJJ                *                JJJJJJJJJJ
KKKKKKKKKKK               *               KKKKKKKKKKK
LLLLLLLLLLLL              *              LLLLLLLLLLLL
MMMMMMMMMMMMM             *             MMMMMMMMMMMMM
NNNNNNNNNNNNNN            *            NNNNNNNNNNNNNN
OOOOOOOOOOOOOOO           *           OOOOOOOOOOOOOOO
PPPPPPPPPPPPPPPP          *          PPPPPPPPPPPPPPPP
QQQQQQQQQQQQQQQQQ         *         QQQQQQQQQQQQQQQQQ
RRRRRRRRRRRRRRRRRR        *        RRRRRRRRRRRRRRRRRR
SSSSSSSSSSSSSSSSSSS       *       SSSSSSSSSSSSSSSSSSS
TTTTTTTTTTTTTTTTTTTT      *      TTTTTTTTTTTTTTTTTTTT
UUUUUUUUUUUUUUUUUUUUU     *     UUUUUUUUUUUUUUUUUUUUU
VVVVVVVVVVVVVVVVVVVVVV    *    VVVVVVVVVVVVVVVVVVVVVV
WWWWWWWWWWWWWWWWWWWWWWW   *   WWWWWWWWWWWWWWWWWWWWWWW
XXXXXXXXXXXXXXXXXXXXXXXX  *  XXXXXXXXXXXXXXXXXXXXXXXX
YYYYYYYYYYYYYYYYYYYYYYYYY * YYYYYYYYYYYYYYYYYYYYYYYYY
ZZZZZZZZZZZZZZZZZZZZZZZZZZ*ZZZZZZZZZZZZZZZZZZZZZZZZZZ
12345678901234567890123456*65432109876543210987654321

